
Started Import Process
# System Details: 
Debug Mode 		: Disabled
Operating System 	: WINNT
Software 		: PHP/8.3.16 (Development Server)
MySQL version 		: 10.4.32
XML Reader 		: Yes
PHP Version 		: 8.3.16
PHP Max Input Vars 	: 1000
PHP Max Post Size 	: 2G
PHP Extension GD 	: Yes
PHP Max Execution Time 	: 36000
Max Upload Size 	: 2 GB
Memory Limit 		: Current memory limit 40M. We recommend setting memory to at least 64M.
Timezone 		: 0

-----

Importing Started! - 03:33:01 UTC
---

WHY IMPORT PROCESS CAN FAIL? READ THIS - 
https://wpastra.com/docs/?p=1314&utm_source=demo-import-panel&utm_campaign=import-error&utm_medium=wp-dashboard

---

Batch Process Started..
Starter Templates - Importing Images for Blog name 'Hometech' (1)
---- Processing Images from Widgets -----
---- Processing batch process for Customizer start ----
---- Processing batch process for Customizer done ----